+ source /home/infres/amathur-23/DADA/dada/bin/activate
++ deactivate nondestructive
++ '[' -n '' ']'
++ '[' -n '' ']'
++ hash -r
++ '[' -n '' ']'
++ unset VIRTUAL_ENV
++ unset VIRTUAL_ENV_PROMPT
++ '[' '!' nondestructive = nondestructive ']'
++ '[' linux-gnu = cygwin ']'
++ '[' linux-gnu = msys ']'
++ export VIRTUAL_ENV=/home/infres/amathur-23/DADA/dada
++ VIRTUAL_ENV=/home/infres/amathur-23/DADA/dada
++ _OLD_VIRTUAL_PATH=/home/infres/amathur-23/DADA/dada/bin:/usr/local/sbin:/usr/local/bin:/usr/sbin:/usr/bin:/sbin:/bin:/usr/games:/usr/local/games:/snap/bin
++ PATH=/home/infres/amathur-23/DADA/dada/bin:/home/infres/amathur-23/DADA/dada/bin:/usr/local/sbin:/usr/local/bin:/usr/sbin:/usr/bin:/sbin:/bin:/usr/games:/usr/local/games:/snap/bin
++ export PATH
++ '[' -n '' ']'
++ '[' -z '' ']'
++ _OLD_VIRTUAL_PS1=
++ PS1='(dada) '
++ export PS1
++ VIRTUAL_ENV_PROMPT='(dada) '
++ export VIRTUAL_ENV_PROMPT
++ hash -r
+ srun python3 -u main.py --data_path /home/infres/amathur-23/DADA/datasets/InTheWild --model_save_path /home/infres/amathur-23/DADA/src/models --dataset_config configs/data/inthewild_10v8.yaml --loss_fn triplet_cosine --gpu_id 0 --epochs=1 --log_dir=runs/tricos_p35_10v8_plateau_ids --batch_size=16 --at_lambda=0 --margin=0.35 --lr_scheduler plateau --early_stopping_metric=accuracy
Traceback (most recent call last):
  File "/home/infres/amathur-23/DADA/src/SpeechCLR/main.py", line 1, in <module>
srun: error: node17: task 0: Exited with exit code 1
    import torch
ModuleNotFoundError: No module named 'torch'
